app/build/outputs/logs/manifest-merger-debug-report.txt
-- Merging decision tree log ---
manifest
ADDED from src/main/AndroidManifest.xml:2:1-345:12
	package
		ADDED from src/main/AndroidManifest.xml:3:5-35
		INJECTED from src/main/AndroidManifest.xml
		INJECTED from src/main/AndroidManifest.xml
	android:versionName
		ADDED from src/main/AndroidManifest.xml:5:5-30
		INJECTED from src/main/AndroidManifest.xml
		INJECTED from src/main/AndroidManifest.xml
	android:versionCode
		ADDED from src/main/AndroidManifest.xml:4:5-28
		INJECTED from src/main/AndroidManifest.xml
		INJECTED from src/main/AndroidManifest.xml
	xmlns:android
		ADDED from src/main/AndroidManifest.xml:2:11-69
uses-sdk
ADDED from src/main/AndroidManifest.xml:7:5-9:41
MERGED from [com.android.support:support-v4:21.0.3] AndroidManifest.xml:15:5-42
	android:targetSdkVersion
		ADDED from src/main/AndroidManifest.xml:9:9-38
		INJECTED from src/main/AndroidManifest.xml
		INJECTED from src/main/AndroidManifest.xml
	android:minSdkVersion
		ADDED from src/main/AndroidManifest.xml:8:9-34
		INJECTED from src/main/AndroidManifest.xml
		INJECTED from src/main/AndroidManifest.xml
uses-permission#android.permission.CAMERA
ADDED from src/main/AndroidManifest.xml:11:5-65
	android:name
		ADDED from src/main/AndroidManifest.xml:11:22-62
uses-feature#android.hardware.camera.autofocus
ADDED from src/main/AndroidManifest.xml:12:2-67
	android:name
		ADDED from src/main/AndroidManifest.xml:12:16-64
uses-permission#android.permission.RECORD_AUDIO
ADDED from src/main/AndroidManifest.xml:14:5-71
	android:name
		ADDED from src/main/AndroidManifest.xml:14:22-68
uses-permission#android.permission.CHANGE_NETWORK_STATE
ADDED from src/main/AndroidManifest.xml:15:5-79
	android:name
		ADDED from src/main/AndroidManifest.xml:15:22-76
uses-permission#android.permission.INTERNET
ADDED from src/main/AndroidManifest.xml:16:5-67
	android:name
		ADDED from src/main/AndroidManifest.xml:16:22-64
uses-permission#android.permission.WRITE_EXTERNAL_STORAGE
ADDED from src/main/AndroidManifest.xml:17:5-81
	android:name
		ADDED from src/main/AndroidManifest.xml:17:22-78
uses-permission#android.permission.ACCESS_WIFI_STATE
ADDED from src/main/AndroidManifest.xml:18:5-76
	android:name
		ADDED from src/main/AndroidManifest.xml:18:22-73
uses-permission#android.permission.ACCESS_NETWORK_STATE
ADDED from src/main/AndroidManifest.xml:19:5-79
	android:name
		ADDED from src/main/AndroidManifest.xml:19:22-76
uses-permission#android.permission.SYSTEM_ALERT_WINDOW
ADDED from src/main/AndroidManifest.xml:20:5-77
	android:name
		ADDED from src/main/AndroidManifest.xml:20:22-75
uses-permission#android.permission.READ_PHONE_STATE
ADDED from src/main/AndroidManifest.xml:21:5-75
	android:name
		ADDED from src/main/AndroidManifest.xml:21:22-72
uses-permission#android.permission.BROADCAST_STICKY
ADDED from src/main/AndroidManifest.xml:22:5-74
	android:name
		ADDED from src/main/AndroidManifest.xml:22:22-72
uses-permission#android.permission.WRITE_SETTINGS
ADDED from src/main/AndroidManifest.xml:23:5-72
	android:name
		ADDED from src/main/AndroidManifest.xml:23:22-70
uses-permission#android.permission.VIBRATE
ADDED from src/main/AndroidManifest.xml:24:5-65
	android:name
		ADDED from src/main/AndroidManifest.xml:24:22-63
uses-permission#android.permission.DISABLE_KEYGUARD
ADDED from src/main/AndroidManifest.xml:26:5-74
	android:name
		ADDED from src/main/AndroidManifest.xml:26:22-72
uses-permission#android.permission.ACCESS_COARSE_LOCATION
ADDED from src/main/AndroidManifest.xml:27:5-80
	android:name
		ADDED from src/main/AndroidManifest.xml:27:22-78
uses-permission#android.permission.ACCESS_FINE_LOCATION
ADDED from src/main/AndroidManifest.xml:28:5-78
	android:name
		ADDED from src/main/AndroidManifest.xml:28:22-76
uses-permission#android.permission.CALL_PHONE
ADDED from src/main/AndroidManifest.xml:29:5-69
	android:name
		ADDED from src/main/AndroidManifest.xml:29:22-66
uses-permission#android.permission.RECEIVE_BOOT_COMPLETED
ADDED from src/main/AndroidManifest.xml:30:5-80
	android:name
		ADDED from src/main/AndroidManifest.xml:30:22-78
uses-permission#android.permission.ACCESS_DOWNLOAD_MANAGER
ADDED from src/main/AndroidManifest.xml:31:5-81
	android:name
		ADDED from src/main/AndroidManifest.xml:31:22-79
uses-permission#android.permission.DOWNLOAD_WITHOUT_NOTIFICATION
ADDED from src/main/AndroidManifest.xml:32:5-88
	android:name
		ADDED from src/main/AndroidManifest.xml:32:22-85
application
ADDED from src/main/AndroidManifest.xml:34:5-343:19
MERGED from [com.android.support:support-v4:21.0.3] AndroidManifest.xml:16:5-19
	android:screenOrientation
		ADDED from src/main/AndroidManifest.xml:39:9-45
	android:label
		ADDED from src/main/AndroidManifest.xml:37:9-41
	android:allowBackup
		ADDED from src/main/AndroidManifest.xml:40:9-36
	android:icon
		ADDED from src/main/AndroidManifest.xml:36:9-47
	android:theme
		ADDED from src/main/AndroidManifest.xml:38:9-40
	android:logo
		ADDED from src/main/AndroidManifest.xml:38:41-70
	android:name
		ADDED from src/main/AndroidManifest.xml:35:9-56
meta-data#AA_DB_NAME
ADDED from src/main/AndroidManifest.xml:41:9-43:43
	android:value
		ADDED from src/main/AndroidManifest.xml:43:13-40
	android:name
		ADDED from src/main/AndroidManifest.xml:42:13-38
meta-data#AA_DB_VERSION
ADDED from src/main/AndroidManifest.xml:44:9-46:33
	android:value
		ADDED from src/main/AndroidManifest.xml:46:13-30
	android:name
		ADDED from src/main/AndroidManifest.xml:45:13-41
activity#com.insthub.ecmobile.activity.EcmobileMainActivity
ADDED from src/main/AndroidManifest.xml:48:9-52:20
	android:screenOrientation
		ADDED from src/main/AndroidManifest.xml:49:13-49
	android:launchMode
		ADDED from src/main/AndroidManifest.xml:51:13-44
	android:windowSoftInputMode
		ADDED from src/main/AndroidManifest.xml:50:13-64
	android:name
		ADDED from src/main/AndroidManifest.xml:48:19-84
activity#com.insthub.ecmobile.wxapi.WXPayEntryActivity
ADDED from src/main/AndroidManifest.xml:54:1-58:20
	android:launchMode
		ADDED from src/main/AndroidManifest.xml:57:17-47
	android:exported
		ADDED from src/main/AndroidManifest.xml:56:17-40
	android:name
		ADDED from src/main/AndroidManifest.xml:55:17-57
activity#com.insthub.BeeFramework.activity.StartActivity
ADDED from src/main/AndroidManifest.xml:60:9-67:20
	android:screenOrientation
		ADDED from src/main/AndroidManifest.xml:61:19-55
	android:windowSoftInputMode
		ADDED from src/main/AndroidManifest.xml:62:19-70
	android:name
		ADDED from src/main/AndroidManifest.xml:60:19-81
intent-filter#android.intent.action.MAIN+android.intent.category.LAUNCHER
ADDED from src/main/AndroidManifest.xml:63:13-66:29
action#android.intent.action.MAIN
ADDED from src/main/AndroidManifest.xml:64:17-69
	android:name
		ADDED from src/main/AndroidManifest.xml:64:25-66
category#android.intent.category.LAUNCHER
ADDED from src/main/AndroidManifest.xml:65:17-77
	android:name
		ADDED from src/main/AndroidManifest.xml:65:27-74
activity#com.insthub.ecmobile.activity.A0_SigninActivity
ADDED from src/main/AndroidManifest.xml:69:9-71:58
	android:screenOrientation
		ADDED from src/main/AndroidManifest.xml:71:19-55
	android:launchMode
		ADDED from src/main/AndroidManifest.xml:70:19-50
	android:name
		ADDED from src/main/AndroidManifest.xml:69:19-81
activity#com.insthub.ecmobile.activity.A1_SignupActivity
ADDED from src/main/AndroidManifest.xml:73:9-75:58
	android:screenOrientation
		ADDED from src/main/AndroidManifest.xml:75:19-55
	android:windowSoftInputMode
		ADDED from src/main/AndroidManifest.xml:74:19-74
	android:name
		ADDED from src/main/AndroidManifest.xml:73:19-81
activity#com.insthub.ecmobile.activity.B1_ProductListActivity
ADDED from src/main/AndroidManifest.xml:77:9-79:58
	android:screenOrientation
		ADDED from src/main/AndroidManifest.xml:79:19-55
	android:windowSoftInputMode
		ADDED from src/main/AndroidManifest.xml:78:19-60
	android:name
		ADDED from src/main/AndroidManifest.xml:77:19-86
activity#com.insthub.ecmobile.activity.B2_ProductDetailActivity
ADDED from src/main/AndroidManifest.xml:82:9-84:58
	android:screenOrientation
		ADDED from src/main/AndroidManifest.xml:84:19-55
	android:windowSoftInputMode
		ADDED from src/main/AndroidManifest.xml:83:19-60
	android:name
		ADDED from src/main/AndroidManifest.xml:82:19-88
activity#com.insthub.ecmobile.activity.B3_ProductPhotoActivity
ADDED from src/main/AndroidManifest.xml:86:9-87:58
	android:screenOrientation
		ADDED from src/main/AndroidManifest.xml:87:19-55
	android:name
		ADDED from src/main/AndroidManifest.xml:86:19-87
activity#com.insthub.ecmobile.activity.B4_ProductParamActivity
ADDED from src/main/AndroidManifest.xml:89:9-90:58
	android:screenOrientation
		ADDED from src/main/AndroidManifest.xml:90:19-55
	android:name
		ADDED from src/main/AndroidManifest.xml:89:19-87
activity#com.insthub.ecmobile.activity.B5_ProductCommentActivity
ADDED from src/main/AndroidManifest.xml:92:9-93:58
	android:screenOrientation
		ADDED from src/main/AndroidManifest.xml:93:19-55
	android:name
		ADDED from src/main/AndroidManifest.xml:92:19-89
activity#com.insthub.ecmobile.activity.B6_ProductDescActivity
ADDED from src/main/AndroidManifest.xml:95:9-96:58
	android:screenOrientation
		ADDED from src/main/AndroidManifest.xml:96:19-55
	android:name
		ADDED from src/main/AndroidManifest.xml:95:19-86
activity#com.insthub.ecmobile.activity.C0_ShoppingCartActivity
ADDED from src/main/AndroidManifest.xml:98:9-99:58
	android:screenOrientation
		ADDED from src/main/AndroidManifest.xml:99:19-55
	android:name
		ADDED from src/main/AndroidManifest.xml:98:19-87
activity#com.insthub.ecmobile.activity.C1_CheckOutActivity
ADDED from src/main/AndroidManifest.xml:101:9-104:19
	android:screenOrientation
		ADDED from src/main/AndroidManifest.xml:102:19-55
	android:theme
		ADDED from src/main/AndroidManifest.xml:103:19-56
	android:name
		ADDED from src/main/AndroidManifest.xml:101:19-83
activity#com.insthub.ecmobile.activity.C2_PaymentActivity
ADDED from src/main/AndroidManifest.xml:105:9-106:58
	android:screenOrientation
		ADDED from src/main/AndroidManifest.xml:106:19-55
	android:name
		ADDED from src/main/AndroidManifest.xml:105:19-82
activity#com.insthub.ecmobile.activity.C3_DistributionActivity
ADDED from src/main/AndroidManifest.xml:108:9-109:58
	android:screenOrientation
		ADDED from src/main/AndroidManifest.xml:109:19-55
	android:name
		ADDED from src/main/AndroidManifest.xml:108:19-87
activity#com.insthub.ecmobile.activity.C4_InvoiceActivity
ADDED from src/main/AndroidManifest.xml:111:9-113:73
	android:screenOrientation
		ADDED from src/main/AndroidManifest.xml:112:19-55
	android:windowSoftInputMode
		ADDED from src/main/AndroidManifest.xml:113:19-70
	android:name
		ADDED from src/main/AndroidManifest.xml:111:19-82
activity#com.insthub.ecmobile.activity.C5_BonusActivity
ADDED from src/main/AndroidManifest.xml:115:9-116:58
	android:screenOrientation
		ADDED from src/main/AndroidManifest.xml:116:19-55
	android:name
		ADDED from src/main/AndroidManifest.xml:115:19-80
activity#com.insthub.ecmobile.activity.C6_RedEnvelopeActivity
ADDED from src/main/AndroidManifest.xml:118:9-119:58
	android:screenOrientation
		ADDED from src/main/AndroidManifest.xml:119:19-55
	android:name
		ADDED from src/main/AndroidManifest.xml:118:19-86
activity#com.insthub.ecmobile.activity.D1_CategoryActivity
ADDED from src/main/AndroidManifest.xml:121:9-123:57
	android:screenOrientation
		ADDED from src/main/AndroidManifest.xml:123:19-55
	android:windowSoftInputMode
		ADDED from src/main/AndroidManifest.xml:122:19-70
	android:name
		ADDED from src/main/AndroidManifest.xml:121:19-83
activity#com.insthub.ecmobile.activity.D2_FilterActivity
ADDED from src/main/AndroidManifest.xml:125:9-126:20
	android:name
		ADDED from src/main/AndroidManifest.xml:125:19-81
activity#com.insthub.ecmobile.activity.E4_HistoryActivity
ADDED from src/main/AndroidManifest.xml:128:9-129:58
	android:screenOrientation
		ADDED from src/main/AndroidManifest.xml:129:19-55
	android:name
		ADDED from src/main/AndroidManifest.xml:128:19-82
activity#com.insthub.ecmobile.activity.E5_CollectionActivity
ADDED from src/main/AndroidManifest.xml:131:9-132:58
	android:screenOrientation
		ADDED from src/main/AndroidManifest.xml:132:19-55
	android:name
		ADDED from src/main/AndroidManifest.xml:131:19-85
activity#com.insthub.ecmobile.activity.E6_ShippingStatusActivity
ADDED from src/main/AndroidManifest.xml:134:9-135:58
	android:screenOrientation
		ADDED from src/main/AndroidManifest.xml:135:19-55
	android:name
		ADDED from src/main/AndroidManifest.xml:134:19-89
activity#com.insthub.ecmobile.activity.F0_AddressListActivity
ADDED from src/main/AndroidManifest.xml:137:9-138:58
	android:screenOrientation
		ADDED from src/main/AndroidManifest.xml:138:19-55
	android:name
		ADDED from src/main/AndroidManifest.xml:137:19-86
activity#com.insthub.ecmobile.activity.F1_NewAddressActivity
ADDED from src/main/AndroidManifest.xml:140:9-142:63
	android:screenOrientation
		ADDED from src/main/AndroidManifest.xml:141:19-55
	android:windowSoftInputMode
		ADDED from src/main/AndroidManifest.xml:142:19-60
	android:name
		ADDED from src/main/AndroidManifest.xml:140:19-85
activity#com.insthub.ecmobile.activity.F2_EditAddressActivity
ADDED from src/main/AndroidManifest.xml:144:9-146:63
	android:screenOrientation
		ADDED from src/main/AndroidManifest.xml:145:19-55
	android:windowSoftInputMode
		ADDED from src/main/AndroidManifest.xml:146:19-60
	android:name
		ADDED from src/main/AndroidManifest.xml:144:19-86
activity#com.insthub.ecmobile.activity.F3_RegionPickActivity
ADDED from src/main/AndroidManifest.xml:147:9-149:50
	android:screenOrientation
		ADDED from src/main/AndroidManifest.xml:148:19-55
	android:theme
		ADDED from src/main/AndroidManifest.xml:149:19-48
	android:name
		ADDED from src/main/AndroidManifest.xml:147:19-85
activity#com.insthub.ecmobile.activity.G0_SettingActivity
ADDED from src/main/AndroidManifest.xml:151:9-152:58
	android:screenOrientation
		ADDED from src/main/AndroidManifest.xml:152:19-55
	android:name
		ADDED from src/main/AndroidManifest.xml:151:19-82
activity#com.insthub.ecmobile.activity.G1_HelpActivity
ADDED from src/main/AndroidManifest.xml:154:9-155:58
	android:screenOrientation
		ADDED from src/main/AndroidManifest.xml:155:19-55
	android:name
		ADDED from src/main/AndroidManifest.xml:154:19-79
activity#com.insthub.ecmobile.activity.G2_InfoActivity
ADDED from src/main/AndroidManifest.xml:157:9-158:57
	android:screenOrientation
		ADDED from src/main/AndroidManifest.xml:158:19-55
	android:name
		ADDED from src/main/AndroidManifest.xml:157:19-79
activity#com.insthub.ecmobile.activity.GalleryImageActivity
ADDED from src/main/AndroidManifest.xml:161:9-162:52
	android:screenOrientation
		ADDED from src/main/AndroidManifest.xml:162:13-49
	android:name
		ADDED from src/main/AndroidManifest.xml:161:19-84
activity#com.insthub.ecmobile.activity.AppOutActivity
ADDED from src/main/AndroidManifest.xml:165:9-166:52
	android:screenOrientation
		ADDED from src/main/AndroidManifest.xml:166:13-49
	android:name
		ADDED from src/main/AndroidManifest.xml:165:19-78
activity#com.insthub.ecmobile.AppExpiredAcitivty
ADDED from src/main/AndroidManifest.xml:168:9-169:58
	android:screenOrientation
		ADDED from src/main/AndroidManifest.xml:169:19-55
	android:name
		ADDED from src/main/AndroidManifest.xml:168:19-73
activity#com.insthub.ecmobile.activity.ShareActivity
ADDED from src/main/AndroidManifest.xml:171:9-178:20
	android:screenOrientation
		ADDED from src/main/AndroidManifest.xml:172:19-55
	android:theme
		ADDED from src/main/AndroidManifest.xml:173:19-48
	android:name
		ADDED from src/main/AndroidManifest.xml:171:19-77
intent-filter#android.intent.category.DEFAULT+com.sina.weibo.sdk.action.ACTION_SDK_REQ_ACTIVITY
ADDED from src/main/AndroidManifest.xml:174:13-177:29
action#com.sina.weibo.sdk.action.ACTION_SDK_REQ_ACTIVITY
ADDED from src/main/AndroidManifest.xml:175:17-91
	android:name
		ADDED from src/main/AndroidManifest.xml:175:25-89
category#android.intent.category.DEFAULT
ADDED from src/main/AndroidManifest.xml:176:17-75
	android:name
		ADDED from src/main/AndroidManifest.xml:176:27-73
activity#com.insthub.ecmobile.activity.PayWebActivity
ADDED from src/main/AndroidManifest.xml:180:9-181:52
	android:screenOrientation
		ADDED from src/main/AndroidManifest.xml:181:13-49
	android:name
		ADDED from src/main/AndroidManifest.xml:180:19-78
activity#com.insthub.ecmobile.activity.HelpWebActivity
ADDED from src/main/AndroidManifest.xml:183:9-184:52
	android:screenOrientation
		ADDED from src/main/AndroidManifest.xml:184:13-49
	android:name
		ADDED from src/main/AndroidManifest.xml:183:19-79
activity#com.insthub.ecmobile.activity.BannerWebActivity
ADDED from src/main/AndroidManifest.xml:186:9-187:52
	android:screenOrientation
		ADDED from src/main/AndroidManifest.xml:187:13-49
	android:name
		ADDED from src/main/AndroidManifest.xml:186:19-81
activity#com.insthub.ecmobile.activity.ShareWebActivity
ADDED from src/main/AndroidManifest.xml:189:9-190:52
	android:screenOrientation
		ADDED from src/main/AndroidManifest.xml:190:13-49
	android:name
		ADDED from src/main/AndroidManifest.xml:189:19-80
activity#com.insthub.ecmobile.activity.SpecificationActivity
ADDED from src/main/AndroidManifest.xml:194:9-196:44
	android:screenOrientation
		ADDED from src/main/AndroidManifest.xml:195:13-49
	android:theme
		ADDED from src/main/AndroidManifest.xml:196:13-42
	android:name
		ADDED from src/main/AndroidManifest.xml:194:19-85
activity#com.insthub.BeeFramework.activity.FullScreenPhotoActivity
ADDED from src/main/AndroidManifest.xml:198:9-199:52
	android:screenOrientation
		ADDED from src/main/AndroidManifest.xml:199:13-49
	android:name
		ADDED from src/main/AndroidManifest.xml:198:19-91
activity#com.insthub.BeeFramework.activity.WebViewActivity
ADDED from src/main/AndroidManifest.xml:202:9-203:55
	android:screenOrientation
		ADDED from src/main/AndroidManifest.xml:203:17-53
	android:name
		ADDED from src/main/AndroidManifest.xml:202:19-83
activity#com.insthub.ecmobile.activity.ShareTencentActivity
ADDED from src/main/AndroidManifest.xml:205:9-206:52
	android:screenOrientation
		ADDED from src/main/AndroidManifest.xml:206:13-49
	android:name
		ADDED from src/main/AndroidManifest.xml:205:19-84
activity#com.insthub.BeeFramework.activity.ActivityLifeCycleActivity
ADDED from src/main/AndroidManifest.xml:208:9-209:57
	android:screenOrientation
		ADDED from src/main/AndroidManifest.xml:209:19-55
	android:name
		ADDED from src/main/AndroidManifest.xml:208:19-93
activity#com.insthub.BeeFramework.activity.MemoryMessageActivity
ADDED from src/main/AndroidManifest.xml:210:9-211:57
	android:screenOrientation
		ADDED from src/main/AndroidManifest.xml:211:19-55
	android:name
		ADDED from src/main/AndroidManifest.xml:210:19-89
activity#com.insthub.BeeFramework.activity.DebugMessageListActivity
ADDED from src/main/AndroidManifest.xml:212:9-213:58
	android:screenOrientation
		ADDED from src/main/AndroidManifest.xml:213:19-55
	android:name
		ADDED from src/main/AndroidManifest.xml:212:19-92
activity#com.insthub.BeeFramework.activity.CrashLogActivity
ADDED from src/main/AndroidManifest.xml:214:9-215:58
	android:screenOrientation
		ADDED from src/main/AndroidManifest.xml:215:19-55
	android:name
		ADDED from src/main/AndroidManifest.xml:214:19-84
activity#com.insthub.BeeFramework.activity.CrashLogDetailActivity
ADDED from src/main/AndroidManifest.xml:216:9-217:58
	android:screenOrientation
		ADDED from src/main/AndroidManifest.xml:217:19-55
	android:name
		ADDED from src/main/AndroidManifest.xml:216:19-90
activity#com.insthub.BeeFramework.activity.DebugCancelDialogActivity
ADDED from src/main/AndroidManifest.xml:218:9-220:51
	android:screenOrientation
		ADDED from src/main/AndroidManifest.xml:219:19-55
	android:theme
		ADDED from src/main/AndroidManifest.xml:220:19-48
	android:name
		ADDED from src/main/AndroidManifest.xml:218:19-93
activity#com.insthub.BeeFramework.activity.DebugDetailActivity
ADDED from src/main/AndroidManifest.xml:221:9-222:58
	android:screenOrientation
		ADDED from src/main/AndroidManifest.xml:222:19-55
	android:name
		ADDED from src/main/AndroidManifest.xml:221:19-87
activity#com.insthub.BeeFramework.activity.DebugTabActivity
ADDED from src/main/AndroidManifest.xml:224:9-225:58
	android:screenOrientation
		ADDED from src/main/AndroidManifest.xml:225:19-55
	android:name
		ADDED from src/main/AndroidManifest.xml:224:19-84
activity#com.insthub.BeeFramework.activity.FloatViewSettingActivity
ADDED from src/main/AndroidManifest.xml:226:9-227:58
	android:screenOrientation
		ADDED from src/main/AndroidManifest.xml:227:19-55
	android:name
		ADDED from src/main/AndroidManifest.xml:226:19-92
activity#com.insthub.ecmobile.activity.AlixPayActivity
ADDED from src/main/AndroidManifest.xml:229:9-232:19
	android:screenOrientation
		ADDED from src/main/AndroidManifest.xml:230:17-53
	android:theme
		ADDED from src/main/AndroidManifest.xml:231:17-60
	android:name
		ADDED from src/main/AndroidManifest.xml:229:19-79
activity#com.insthub.ecmobile.activity.OtherPayWebActivity
ADDED from src/main/AndroidManifest.xml:233:9-235:19
	android:screenOrientation
		ADDED from src/main/AndroidManifest.xml:234:19-55
	android:name
		ADDED from src/main/AndroidManifest.xml:233:19-83
service#com.insthub.BeeFramework.service.MemoryService
ADDED from src/main/AndroidManifest.xml:236:9-240:19
	android:name
		ADDED from src/main/AndroidManifest.xml:236:18-79
intent-filter#com.insthub.BeeFramework.service.MemoryService
ADDED from src/main/AndroidManifest.xml:237:13-239:29
	android:priority
		ADDED from src/main/AndroidManifest.xml:237:28-51
action#com.insthub.BeeFramework.service.MemoryService
ADDED from src/main/AndroidManifest.xml:238:17-89
	android:name
		ADDED from src/main/AndroidManifest.xml:238:25-86
service#com.insthub.BeeFramework.service.NetworkStateService
ADDED from src/main/AndroidManifest.xml:242:9-246:19
	android:name
		ADDED from src/main/AndroidManifest.xml:242:18-85
intent-filter#com.BeeFramework.NetworkStateService
ADDED from src/main/AndroidManifest.xml:243:13-245:29
	android:priority
		ADDED from src/main/AndroidManifest.xml:243:28-51
action#com.BeeFramework.NetworkStateService
ADDED from src/main/AndroidManifest.xml:244:17-79
	android:name
		ADDED from src/main/AndroidManifest.xml:244:25-76
activity#com.tencent.weibo.sdk.android.component.PublishActivity
ADDED from src/main/AndroidManifest.xml:248:9-251:20
	android:windowSoftInputMode
		ADDED from src/main/AndroidManifest.xml:250:17-56
	android:name
		ADDED from src/main/AndroidManifest.xml:249:17-87
activity#com.tencent.weibo.sdk.android.component.GeneralInterfaceActivity
ADDED from src/main/AndroidManifest.xml:252:9-255:20
	android:windowSoftInputMode
		ADDED from src/main/AndroidManifest.xml:254:17-56
	android:name
		ADDED from src/main/AndroidManifest.xml:253:17-96
activity#com.tencent.weibo.sdk.android.component.ConversationActivity
ADDED from src/main/AndroidManifest.xml:256:9-259:20
	android:windowSoftInputMode
		ADDED from src/main/AndroidManifest.xml:258:17-56
	android:name
		ADDED from src/main/AndroidManifest.xml:257:17-92
activity#com.tencent.weibo.sdk.android.component.FriendActivity
ADDED from src/main/AndroidManifest.xml:260:9-263:20
	android:windowSoftInputMode
		ADDED from src/main/AndroidManifest.xml:262:17-56
	android:name
		ADDED from src/main/AndroidManifest.xml:261:17-86
activity#com.tencent.weibo.sdk.android.component.Authorize
ADDED from src/main/AndroidManifest.xml:264:9-265:20
	android:name
		ADDED from src/main/AndroidManifest.xml:264:19-83
activity#com.tencent.weibo.sdk.android.component.GeneralDataShowActivity
ADDED from src/main/AndroidManifest.xml:266:9-267:20
	android:name
		ADDED from src/main/AndroidManifest.xml:266:19-97
activity#com.tencent.weibo.sdk.android.component.ReAddActivity
ADDED from src/main/AndroidManifest.xml:268:9-269:20
	android:name
		ADDED from src/main/AndroidManifest.xml:268:19-87
activity#com.alipay.sdk.app.H5PayActivity
ADDED from src/main/AndroidManifest.xml:271:9-276:20
	android:screenOrientation
		ADDED from src/main/AndroidManifest.xml:274:17-51
	android:exported
		ADDED from src/main/AndroidManifest.xml:273:17-41
	android:windowSoftInputMode
		ADDED from src/main/AndroidManifest.xml:275:17-71
	android:configChanges
		ADDED from src/main/AndroidManifest.xml:272:17-78
	android:name
		ADDED from src/main/AndroidManifest.xml:271:35-82
activity#com.alipay.sdk.app.H5AuthActivity
ADDED from src/main/AndroidManifest.xml:277:9-281:20
	android:screenOrientation
		ADDED from src/main/AndroidManifest.xml:280:17-51
	android:exported
		ADDED from src/main/AndroidManifest.xml:279:17-41
	android:configChanges
		ADDED from src/main/AndroidManifest.xml:278:17-78
	android:name
		ADDED from src/main/AndroidManifest.xml:277:35-83
activity#com.unionpay.uppay.PayActivity
ADDED from src/main/AndroidManifest.xml:284:9-290:19
	android:screenOrientation
		ADDED from src/main/AndroidManifest.xml:287:17-53
	android:label
		ADDED from src/main/AndroidManifest.xml:286:17-49
	android:excludeFromRecents
		ADDED from src/main/AndroidManifest.xml:289:17-50
	android:configChanges
		ADDED from src/main/AndroidManifest.xml:288:17-67
	android:theme
		ADDED from src/main/AndroidManifest.xml:285:17-51
	android:name
		ADDED from src/main/AndroidManifest.xml:284:19-64
activity#com.unionpay.uppay.PayActivityEx
ADDED from src/main/AndroidManifest.xml:291:9-298:20
	android:screenOrientation
		ADDED from src/main/AndroidManifest.xml:294:19-55
	android:label
		ADDED from src/main/AndroidManifest.xml:293:19-51
	android:excludeFromRecents
		ADDED from src/main/AndroidManifest.xml:296:19-52
	android:windowSoftInputMode
		ADDED from src/main/AndroidManifest.xml:297:19-61
	android:configChanges
		ADDED from src/main/AndroidManifest.xml:295:19-69
	android:theme
		ADDED from src/main/AndroidManifest.xml:292:19-53
	android:name
		ADDED from src/main/AndroidManifest.xml:291:19-66
receiver#com.insthub.BeeFramework.service.PushMessageReceiver
ADDED from src/main/AndroidManifest.xml:300:9-308:20
	android:name
		ADDED from src/main/AndroidManifest.xml:300:19-86
intent-filter#com.baidu.android.pushservice.action.MESSAGE+com.baidu.android.pushservice.action.RECEIVE+com.baidu.android.pushservice.action.notification.CLICK
ADDED from src/main/AndroidManifest.xml:301:13-307:29
action#com.baidu.android.pushservice.action.MESSAGE
ADDED from src/main/AndroidManifest.xml:303:17-87
	android:name
		ADDED from src/main/AndroidManifest.xml:303:25-84
action#com.baidu.android.pushservice.action.RECEIVE
ADDED from src/main/AndroidManifest.xml:305:17-87
	android:name
		ADDED from src/main/AndroidManifest.xml:305:25-84
action#com.baidu.android.pushservice.action.notification.CLICK
ADDED from src/main/AndroidManifest.xml:306:17-98
	android:name
		ADDED from src/main/AndroidManifest.xml:306:25-95
receiver#com.baidu.android.pushservice.PushServiceReceiver
ADDED from src/main/AndroidManifest.xml:311:9-324:20
	android:process
		ADDED from src/main/AndroidManifest.xml:312:19-50
	android:name
		ADDED from src/main/AndroidManifest.xml:311:19-83
intent-filter#android.intent.action.ACTION_POWER_CONNECTED+android.intent.action.ACTION_POWER_DISCONNECTED+android.intent.action.BOOT_COMPLETED+android.intent.action.MEDIA_MOUNTED+android.intent.action.USER_PRESENT+android.net.conn.CONNECTIVITY_CHANGE+com.baidu.android.pushservice.action.media.CLICK+com.baidu.android.pushservice.action.notification.SHOW
ADDED from src/main/AndroidManifest.xml:313:13-323:29
action#android.intent.action.BOOT_COMPLETED
ADDED from src/main/AndroidManifest.xml:314:17-79
	android:name
		ADDED from src/main/AndroidManifest.xml:314:25-76
action#android.net.conn.CONNECTIVITY_CHANGE
ADDED from src/main/AndroidManifest.xml:315:17-79
	android:name
		ADDED from src/main/AndroidManifest.xml:315:25-76
action#com.baidu.android.pushservice.action.notification.SHOW
ADDED from src/main/AndroidManifest.xml:316:17-97
	android:name
		ADDED from src/main/AndroidManifest.xml:316:25-94
action#com.baidu.android.pushservice.action.media.CLICK
ADDED from src/main/AndroidManifest.xml:317:17-91
	android:name
		ADDED from src/main/AndroidManifest.xml:317:25-88
action#android.intent.action.MEDIA_MOUNTED
ADDED from src/main/AndroidManifest.xml:319:17-78
	android:name
		ADDED from src/main/AndroidManifest.xml:319:25-75
action#android.intent.action.USER_PRESENT
ADDED from src/main/AndroidManifest.xml:320:17-77
	android:name
		ADDED from src/main/AndroidManifest.xml:320:25-74
action#android.intent.action.ACTION_POWER_CONNECTED
ADDED from src/main/AndroidManifest.xml:321:17-87
	android:name
		ADDED from src/main/AndroidManifest.xml:321:25-84
action#android.intent.action.ACTION_POWER_DISCONNECTED
ADDED from src/main/AndroidManifest.xml:322:17-90
	android:name
		ADDED from src/main/AndroidManifest.xml:322:25-87
receiver#com.baidu.android.pushservice.RegistrationReceiver
ADDED from src/main/AndroidManifest.xml:326:9-336:20
	android:process
		ADDED from src/main/AndroidManifest.xml:327:19-50
	android:name
		ADDED from src/main/AndroidManifest.xml:326:19-84
intent-filter#com.baidu.android.pushservice.action.BIND_SYNC+com.baidu.android.pushservice.action.METHOD
ADDED from src/main/AndroidManifest.xml:328:13-331:29
action#com.baidu.android.pushservice.action.METHOD
ADDED from src/main/AndroidManifest.xml:329:17-86
	android:name
		ADDED from src/main/AndroidManifest.xml:329:25-83
action#com.baidu.android.pushservice.action.BIND_SYNC
ADDED from src/main/AndroidManifest.xml:330:17-89
	android:name
		ADDED from src/main/AndroidManifest.xml:330:25-86
intent-filter#android.intent.action.PACKAGE_REMOVED
ADDED from src/main/AndroidManifest.xml:332:13-335:29
action#android.intent.action.PACKAGE_REMOVED
ADDED from src/main/AndroidManifest.xml:333:17-79
	android:name
		ADDED from src/main/AndroidManifest.xml:333:25-77
data
ADDED from src/main/AndroidManifest.xml:334:17-50
	android:scheme
		ADDED from src/main/AndroidManifest.xml:334:23-47
service#com.baidu.android.pushservice.PushService